This is pdfTeX, Version 3.141592653-2.6-1.40.28 (TeX Live 2025) (preloaded format=pdflatex 2025.7.19)  29 JUL 2025 15:29
entering extended mode
 restricted \write18 enabled.
 %&-line parsing enabled.
**deerConnectivityManuscript.tex
(./deerConnectivityManuscript.tex
LaTeX2e <2025-06-01> patch level 1
L3 programming layer <2025-07-11>
(c:/Users/benja/AppData/Roaming/TinyTeX/texmf-dist/tex/latex/base/article.cls
Document Class: article 2025/01/22 v1.4n Standard LaTeX document class
(c:/Users/benja/AppData/Roaming/TinyTeX/texmf-dist/tex/latex/base/size10.clo
File: size10.clo 2025/01/22 v1.4n Standard LaTeX file (size option)
)
\c@part=\count275
\c@section=\count276
\c@subsection=\count277
\c@subsubsection=\count278
\c@paragraph=\count279
\c@subparagraph=\count280
\c@figure=\count281
\c@table=\count282
\abovecaptionskip=\skip49
\belowcaptionskip=\skip50
\bibindent=\dimen148
) (./f1000_styles.sty
Package: f1000_styles 
(c:/Users/benja/AppData/Roaming/TinyTeX/texmf-dist/tex/latex/preprint/authblk.sty
Package: authblk 2001/02/27 1.3 (PWD)
\affilsep=\skip51
\@affilsep=\skip52
\c@Maxaffil=\count283
\c@authors=\count284
\c@affil=\count285
) (c:/Users/benja/AppData/Roaming/TinyTeX/texmf-dist/tex/latex/base/inputenc.sty
Package: inputenc 2024/02/08 v1.3d Input encoding file
\inpenc@prehook=\toks17
\inpenc@posthook=\toks18
) (c:/Users/benja/AppData/Roaming/TinyTeX/texmf-dist/tex/latex/base/fontenc.sty
Package: fontenc 2024/12/21 v2.1c Standard LaTeX package
) (c:/Users/benja/AppData/Roaming/TinyTeX/texmf-dist/tex/latex/xcharter/XCharter.sty
Package: XCharter 2023/07/21 v1.25
`XCharter' v1.25, 2023/07/21 Text macros for XCharter, an extension of Charter (msharpe) (c:/Users/benja/AppData/Roaming/TinyTeX/texmf-dist/tex/generic/iftex/iftex.sty
Package: iftex 2024/12/12 v1.0g TeX engine tests
) (c:/Users/benja/AppData/Roaming/TinyTeX/texmf-dist/tex/latex/xkeyval/xkeyval.sty
Package: xkeyval 2022/06/16 v2.9 package option processing (HA)
(c:/Users/benja/AppData/Roaming/TinyTeX/texmf-dist/tex/generic/xkeyval/xkeyval.tex (c:/Users/benja/AppData/Roaming/TinyTeX/texmf-dist/tex/generic/xkeyval/xkvutils.tex
\XKV@toks=\toks19
\XKV@tempa@toks=\toks20
(c:/Users/benja/AppData/Roaming/TinyTeX/texmf-dist/tex/generic/xkeyval/keyval.tex))
\XKV@depth=\count286
File: xkeyval.tex 2014/12/03 v2.7a key=value parser (HA)
)) (c:/Users/benja/AppData/Roaming/TinyTeX/texmf-dist/tex/latex/etoolbox/etoolbox.sty
Package: etoolbox 2025/02/11 v2.5l e-TeX tools for LaTeX (JAW)
\etb@tempcnta=\count287
) (c:/Users/benja/AppData/Roaming/TinyTeX/texmf-dist/tex/latex/base/textcomp.sty
Package: textcomp 2024/04/24 v2.1b Standard LaTeX package
) (c:/Users/benja/AppData/Roaming/TinyTeX/texmf-dist/tex/generic/xstring/xstring.sty (c:/Users/benja/AppData/Roaming/TinyTeX/texmf-dist/tex/generic/xstring/xstring.tex
\xs_counta=\count288
\xs_countb=\count289
)
Package: xstring 2023/08/22 v1.86 String manipulations (CT)
) (c:/Users/benja/AppData/Roaming/TinyTeX/texmf-dist/tex/latex/base/ifthen.sty
Package: ifthen 2024/03/16 v1.1e Standard LaTeX ifthen package (DPC)
) (c:/Users/benja/AppData/Roaming/TinyTeX/texmf-dist/tex/latex/carlisle/scalefnt.sty) (c:/Users/benja/AppData/Roaming/TinyTeX/texmf-dist/tex/latex/base/fontenc.sty
Package: fontenc 2024/12/21 v2.1c Standard LaTeX package
)
LaTeX Font Info:    Setting XCharter-LF sub-encoding to TS1/0 on input line 37.
LaTeX Font Info:    Changing XCharter-TLF sub-encoding to TS1/0 on input line 37.
LaTeX Font Info:    Setting XCharter-OsF sub-encoding to TS1/0 on input line 37.
LaTeX Font Info:    Changing XCharter-TOsF sub-encoding to TS1/0 on input line 37.
\xch@cnt=\count290
(c:/Users/benja/AppData/Roaming/TinyTeX/texmf-dist/tex/latex/fontaxes/fontaxes.sty
Package: fontaxes 2025-05-24 v2.0.1 Font selection axes (deprecated)
(c:/Users/benja/AppData/Roaming/TinyTeX/texmf-dist/tex/latex/fontaxes/fontaxes-v1.sty
Package: fontaxes 2020/07/21 v1.0e Font selection axes
LaTeX Info: Redefining \upshape on input line 29.
LaTeX Info: Redefining \itshape on input line 31.
LaTeX Info: Redefining \slshape on input line 33.
LaTeX Info: Redefining \swshape on input line 35.
LaTeX Info: Redefining \scshape on input line 37.
LaTeX Info: Redefining \sscshape on input line 39.
LaTeX Info: Redefining \ulcshape on input line 41.
LaTeX Info: Redefining \textsw on input line 47.
LaTeX Info: Redefining \textssc on input line 48.
LaTeX Info: Redefining \textulc on input line 49.
))
LaTeX Info: Redefining \textsu on input line 737.
LaTeX Info: Redefining \textde on input line 740.
LaTeX Info: Redefining \textinf on input line 742.
) (c:/Users/benja/AppData/Roaming/TinyTeX/texmf-dist/tex/latex/colortbl/colortbl.sty
Package: colortbl 2024/10/29 v1.0k Color table columns (DPC)
(c:/Users/benja/AppData/Roaming/TinyTeX/texmf-dist/tex/latex/tools/array.sty
Package: array 2025/06/08 v2.6j Tabular extension package (FMi)
\col@sep=\dimen149
\ar@mcellbox=\box53
\extrarowheight=\dimen150
\NC@list=\toks21
\extratabsurround=\skip53
\backup@length=\skip54
\ar@cellbox=\box54
) (c:/Users/benja/AppData/Roaming/TinyTeX/texmf-dist/tex/latex/graphics/color.sty
Package: color 2025/01/14 v1.3e Standard LaTeX Color (DPC)
(c:/Users/benja/AppData/Roaming/TinyTeX/texmf-dist/tex/latex/graphics-cfg/color.cfg
File: color.cfg 2016/01/02 v1.6 sample color configuration
)
Package color Info: Driver file: pdftex.def on input line 149.
(c:/Users/benja/AppData/Roaming/TinyTeX/texmf-dist/tex/latex/graphics-def/pdftex.def
File: pdftex.def 2024/04/13 v1.2c Graphics/color driver for pdftex
) (c:/Users/benja/AppData/Roaming/TinyTeX/texmf-dist/tex/latex/graphics/mathcolor.ltx))
\everycr=\toks22
\minrowclearance=\skip55
\rownum=\count291
) (c:/Users/benja/AppData/Roaming/TinyTeX/texmf-dist/tex/latex/xcolor/xcolor.sty
Package: xcolor 2024/09/29 v3.02 LaTeX color extensions (UK)
(c:/Users/benja/AppData/Roaming/TinyTeX/texmf-dist/tex/latex/graphics-cfg/color.cfg
File: color.cfg 2016/01/02 v1.6 sample color configuration
)

Package xcolor Warning: Package option `usenames' is obsolete and ignored on input line 265.

Package xcolor Info: Driver file: pdftex.def on input line 274.
LaTeX Info: Redefining \color on input line 762.
(c:/Users/benja/AppData/Roaming/TinyTeX/texmf-dist/tex/latex/graphics/mathcolor.ltx)
Package xcolor Info: Model `cmy' substituted by `cmy0' on input line 1349.
Package xcolor Info: Model `hsb' substituted by `rgb' on input line 1353.
Package xcolor Info: Model `RGB' extended on input line 1365.
Package xcolor Info: Model `HTML' substituted by `rgb' on input line 1367.
Package xcolor Info: Model `Hsb' substituted by `hsb' on input line 1368.
Package xcolor Info: Model `tHsb' substituted by `hsb' on input line 1369.
Package xcolor Info: Model `HSB' substituted by `hsb' on input line 1370.
Package xcolor Info: Model `Gray' substituted by `gray' on input line 1371.
Package xcolor Info: Model `wave' substituted by `hsb' on input line 1372.
) (c:/Users/benja/AppData/Roaming/TinyTeX/texmf-dist/tex/latex/graphics/dvipsnam.def
File: dvipsnam.def 2016/06/17 v3.0m Driver-dependent file (DPC,SPQR)
) (c:/Users/benja/AppData/Roaming/TinyTeX/texmf-dist/tex/latex/amsmath/amsmath.sty
Package: amsmath 2025/06/16 v2.17y AMS math features
\@mathmargin=\skip56
For additional information on amsmath, use the `?' option.
(c:/Users/benja/AppData/Roaming/TinyTeX/texmf-dist/tex/latex/amsmath/amstext.sty
Package: amstext 2024/11/17 v2.01 AMS text
(c:/Users/benja/AppData/Roaming/TinyTeX/texmf-dist/tex/latex/amsmath/amsgen.sty
File: amsgen.sty 1999/11/30 v2.0 generic functions
\@emptytoks=\toks23
\ex@=\dimen151
)) (c:/Users/benja/AppData/Roaming/TinyTeX/texmf-dist/tex/latex/amsmath/amsbsy.sty
Package: amsbsy 1999/11/29 v1.2d Bold Symbols
\pmbraise@=\dimen152
) (c:/Users/benja/AppData/Roaming/TinyTeX/texmf-dist/tex/latex/amsmath/amsopn.sty
Package: amsopn 2022/04/08 v2.04 operator names
)
\inf@bad=\count292
LaTeX Info: Redefining \frac on input line 233.
\uproot@=\count293
\leftroot@=\count294
LaTeX Info: Redefining \overline on input line 398.
LaTeX Info: Redefining \colon on input line 409.
\classnum@=\count295
\DOTSCASE@=\count296
LaTeX Info: Redefining \ldots on input line 495.
LaTeX Info: Redefining \dots on input line 498.
LaTeX Info: Redefining \cdots on input line 619.
\Mathstrutbox@=\box55
\strutbox@=\box56
LaTeX Info: Redefining \big on input line 721.
LaTeX Info: Redefining \Big on input line 722.
LaTeX Info: Redefining \bigg on input line 723.
LaTeX Info: Redefining \Bigg on input line 724.
\big@size=\dimen153
LaTeX Font Info:    Redeclaring font encoding OML on input line 742.
LaTeX Font Info:    Redeclaring font encoding OMS on input line 743.
\macc@depth=\count297
LaTeX Info: Redefining \bmod on input line 904.
LaTeX Info: Redefining \pmod on input line 909.
LaTeX Info: Redefining \smash on input line 939.
LaTeX Info: Redefining \relbar on input line 969.
LaTeX Info: Redefining \Relbar on input line 970.
\c@MaxMatrixCols=\count298
\dotsspace@=\muskip17
\c@parentequation=\count299
\dspbrk@lvl=\count300
\tag@help=\toks24
\row@=\count301
\column@=\count302
\maxfields@=\count303
\andhelp@=\toks25
\eqnshift@=\dimen154
\alignsep@=\dimen155
\tagshift@=\dimen156
\tagwidth@=\dimen157
\totwidth@=\dimen158
\lineht@=\dimen159
\@envbody=\toks26
\multlinegap=\skip57
\multlinetaggap=\skip58
\mathdisplay@stack=\toks27
LaTeX Info: Redefining \[ on input line 2949.
LaTeX Info: Redefining \] on input line 2950.
) (c:/Users/benja/AppData/Roaming/TinyTeX/texmf-dist/tex/latex/graphics/graphicx.sty
Package: graphicx 2024/12/31 v1.2e Enhanced LaTeX Graphics (DPC,SPQR)
(c:/Users/benja/AppData/Roaming/TinyTeX/texmf-dist/tex/latex/graphics/graphics.sty
Package: graphics 2024/08/06 v1.4g Standard LaTeX Graphics (DPC,SPQR)
(c:/Users/benja/AppData/Roaming/TinyTeX/texmf-dist/tex/latex/graphics/trig.sty
Package: trig 2023/12/02 v1.11 sin cos tan (DPC)
) (c:/Users/benja/AppData/Roaming/TinyTeX/texmf-dist/tex/latex/graphics-cfg/graphics.cfg
File: graphics.cfg 2016/06/04 v1.11 sample graphics configuration
)
Package graphics Info: Driver file: pdftex.def on input line 106.
)
\Gin@req@height=\dimen160
\Gin@req@width=\dimen161
) (c:/Users/benja/AppData/Roaming/TinyTeX/texmf-dist/tex/latex/fancyhdr/fancyhdr.sty
Package: fancyhdr 2025/02/07 v5.2 Extensive control of page headers and footers
\f@nch@headwidth=\skip59
\f@nch@offset@elh=\skip60
\f@nch@offset@erh=\skip61
\f@nch@offset@olh=\skip62
\f@nch@offset@orh=\skip63
\f@nch@offset@elf=\skip64
\f@nch@offset@erf=\skip65
\f@nch@offset@olf=\skip66
\f@nch@offset@orf=\skip67
\f@nch@height=\skip68
\f@nch@footalignment=\skip69
\f@nch@widthL=\skip70
\f@nch@widthC=\skip71
\f@nch@widthR=\skip72
\@temptokenb=\toks28
) (c:/Users/benja/AppData/Roaming/TinyTeX/texmf-dist/tex/latex/setspace/setspace.sty
Package: setspace 2022/12/04 v6.7b set line spacing
) (c:/Users/benja/AppData/Roaming/TinyTeX/texmf-dist/tex/latex/caption/caption.sty
Package: caption 2023/08/05 v3.6o Customizing captions (AR)
(c:/Users/benja/AppData/Roaming/TinyTeX/texmf-dist/tex/latex/caption/caption3.sty
Package: caption3 2023/07/31 v2.4d caption3 kernel (AR)
\caption@tempdima=\dimen162
\captionmargin=\dimen163
\caption@leftmargin=\dimen164
\caption@rightmargin=\dimen165
\caption@width=\dimen166
\caption@indent=\dimen167
\caption@parindent=\dimen168
\caption@hangindent=\dimen169
Package caption Info: Standard document class detected.
)
\c@caption@flags=\count304
\c@continuedfloat=\count305
) (c:/Users/benja/AppData/Roaming/TinyTeX/texmf-dist/tex/latex/lastpage/lastpage.sty
Package: lastpage 2025/06/06 v2.1g lastpage: 2.09 or 2e? (HMM)
(c:/Users/benja/AppData/Roaming/TinyTeX/texmf-dist/tex/latex/lastpage/lastpage2e.sty
Package: lastpage2e 2025/06/06 v2.1g Decide which 2e lastpage version to use (HMM)
(c:/Users/benja/AppData/Roaming/TinyTeX/texmf-dist/tex/latex/lastpage/lastpagemodern.sty
Package: lastpagemodern 2025-06-06 v2.1g Refers to last page's name (HMM; JPG)
\c@lastpagecount=\count306
) 
)) (c:/Users/benja/AppData/Roaming/TinyTeX/texmf-dist/tex/latex/xifthen/xifthen.sty
Package: xifthen 2015/11/05 v1.4.0 Extended ifthen features
(c:/Users/benja/AppData/Roaming/TinyTeX/texmf-dist/tex/latex/tools/calc.sty
Package: calc 2025/03/01 v4.3b Infix arithmetic (KKT,FJ)
\calc@Acount=\count307
\calc@Bcount=\count308
\calc@Adimen=\dimen170
\calc@Bdimen=\dimen171
\calc@Askip=\skip73
\calc@Bskip=\skip74
LaTeX Info: Redefining \setlength on input line 86.
LaTeX Info: Redefining \addtolength on input line 87.
\calc@Ccount=\count309
\calc@Cskip=\skip75
) (c:/Users/benja/AppData/Roaming/TinyTeX/texmf-dist/tex/latex/ifmtarg/ifmtarg.sty
Package: ifmtarg 2018/04/16 v1.2b check for an empty argument
)) (c:/Users/benja/AppData/Roaming/TinyTeX/texmf-dist/tex/latex/hyperref/hyperref.sty
Package: hyperref 2025-07-12 v7.01o Hypertext links for LaTeX
(c:/Users/benja/AppData/Roaming/TinyTeX/texmf-dist/tex/latex/kvsetkeys/kvsetkeys.sty
Package: kvsetkeys 2022-10-05 v1.19 Key value parser (HO)
) (c:/Users/benja/AppData/Roaming/TinyTeX/texmf-dist/tex/generic/kvdefinekeys/kvdefinekeys.sty
Package: kvdefinekeys 2019-12-19 v1.6 Define keys (HO)
) (c:/Users/benja/AppData/Roaming/TinyTeX/texmf-dist/tex/generic/pdfescape/pdfescape.sty
Package: pdfescape 2019/12/09 v1.15 Implements pdfTeX's escape features (HO)
(c:/Users/benja/AppData/Roaming/TinyTeX/texmf-dist/tex/generic/ltxcmds/ltxcmds.sty
Package: ltxcmds 2023-12-04 v1.26 LaTeX kernel commands for general use (HO)
) (c:/Users/benja/AppData/Roaming/TinyTeX/texmf-dist/tex/generic/pdftexcmds/pdftexcmds.sty
Package: pdftexcmds 2020-06-27 v0.33 Utility functions of pdfTeX for LuaTeX (HO)
(c:/Users/benja/AppData/Roaming/TinyTeX/texmf-dist/tex/generic/infwarerr/infwarerr.sty
Package: infwarerr 2019/12/03 v1.5 Providing info/warning/error messages (HO)
)
Package pdftexcmds Info: \pdf@primitive is available.
Package pdftexcmds Info: \pdf@ifprimitive is available.
Package pdftexcmds Info: \pdfdraftmode found.
)) (c:/Users/benja/AppData/Roaming/TinyTeX/texmf-dist/tex/latex/hycolor/hycolor.sty
Package: hycolor 2020-01-27 v1.10 Color options for hyperref/bookmark (HO)
) (c:/Users/benja/AppData/Roaming/TinyTeX/texmf-dist/tex/latex/hyperref/nameref.sty
Package: nameref 2025-06-21 v2.57 Cross-referencing by name of section
(c:/Users/benja/AppData/Roaming/TinyTeX/texmf-dist/tex/latex/refcount/refcount.sty
Package: refcount 2019/12/15 v3.6 Data extraction from label references (HO)
) (c:/Users/benja/AppData/Roaming/TinyTeX/texmf-dist/tex/generic/gettitlestring/gettitlestring.sty
Package: gettitlestring 2019/12/15 v1.6 Cleanup title references (HO)
(c:/Users/benja/AppData/Roaming/TinyTeX/texmf-dist/tex/latex/kvoptions/kvoptions.sty
Package: kvoptions 2022-06-15 v3.15 Key value format for package options (HO)
))
\c@section@level=\count310
) (c:/Users/benja/AppData/Roaming/TinyTeX/texmf-dist/tex/generic/stringenc/stringenc.sty
Package: stringenc 2019/11/29 v1.12 Convert strings between diff. encodings (HO)
)
\@linkdim=\dimen172
\Hy@linkcounter=\count311
\Hy@pagecounter=\count312
(c:/Users/benja/AppData/Roaming/TinyTeX/texmf-dist/tex/latex/hyperref/pd1enc.def
File: pd1enc.def 2025-07-12 v7.01o Hyperref: PDFDocEncoding definition (HO)
Now handling font encoding PD1 ...
... no UTF-8 mapping file for font encoding PD1
) (c:/Users/benja/AppData/Roaming/TinyTeX/texmf-dist/tex/generic/intcalc/intcalc.sty
Package: intcalc 2019/12/15 v1.3 Expandable calculations with integers (HO)
)
\Hy@SavedSpaceFactor=\count313
(c:/Users/benja/AppData/Roaming/TinyTeX/texmf-dist/tex/latex/hyperref/puenc.def
File: puenc.def 2025-07-12 v7.01o Hyperref: PDF Unicode definition (HO)
Now handling font encoding PU ...
... no UTF-8 mapping file for font encoding PU
)
Package hyperref Info: Hyper figures OFF on input line 4195.
Package hyperref Info: Link nesting OFF on input line 4200.
Package hyperref Info: Hyper index ON on input line 4203.
Package hyperref Info: Plain pages OFF on input line 4210.
Package hyperref Info: Backreferencing OFF on input line 4215.
Package hyperref Info: Implicit mode ON; LaTeX internals redefined.
Package hyperref Info: Bookmarks ON on input line 4462.
\c@Hy@tempcnt=\count314
(c:/Users/benja/AppData/Roaming/TinyTeX/texmf-dist/tex/latex/url/url.sty
\Urlmuskip=\muskip18
Package: url 2013/09/16  ver 3.4  Verb mode for urls, etc.
)
LaTeX Info: Redefining \url on input line 4801.
\XeTeXLinkMargin=\dimen173
(c:/Users/benja/AppData/Roaming/TinyTeX/texmf-dist/tex/generic/bitset/bitset.sty
Package: bitset 2019/12/09 v1.3 Handle bit-vector datatype (HO)
(c:/Users/benja/AppData/Roaming/TinyTeX/texmf-dist/tex/generic/bigintcalc/bigintcalc.sty
Package: bigintcalc 2019/12/15 v1.5 Expandable calculations on big integers (HO)
))
\Fld@menulength=\count315
\Field@Width=\dimen174
\Fld@charsize=\dimen175
Package hyperref Info: Hyper figures OFF on input line 6078.
Package hyperref Info: Link nesting OFF on input line 6083.
Package hyperref Info: Hyper index ON on input line 6086.
Package hyperref Info: backreferencing OFF on input line 6093.
Package hyperref Info: Link coloring OFF on input line 6098.
Package hyperref Info: Link coloring with OCG OFF on input line 6103.
Package hyperref Info: PDF/A mode OFF on input line 6108.
\Hy@abspage=\count316
\c@Item=\count317
\c@Hfootnote=\count318
)
Package hyperref Info: Driver (autodetected): hpdftex.
(c:/Users/benja/AppData/Roaming/TinyTeX/texmf-dist/tex/latex/hyperref/hpdftex.def
File: hpdftex.def 2025-07-12 v7.01o Hyperref driver for pdfTeX
\Fld@listcount=\count319
\c@bookmark@seq@number=\count320
(c:/Users/benja/AppData/Roaming/TinyTeX/texmf-dist/tex/latex/rerunfilecheck/rerunfilecheck.sty
Package: rerunfilecheck 2025-06-21 v1.11 Rerun checks for auxiliary files (HO)
(c:/Users/benja/AppData/Roaming/TinyTeX/texmf-dist/tex/generic/uniquecounter/uniquecounter.sty
Package: uniquecounter 2019/12/15 v1.4 Provide unlimited unique counter (HO)
)
Package uniquecounter Info: New unique counter `rerunfilecheck' on input line 284.
)
\Hy@SectionHShift=\skip76
) (c:/Users/benja/AppData/Roaming/TinyTeX/texmf-dist/tex/latex/booktabs/booktabs.sty
Package: booktabs 2020/01/12 v1.61803398 Publication quality tables
\heavyrulewidth=\dimen176
\lightrulewidth=\dimen177
\cmidrulewidth=\dimen178
\belowrulesep=\dimen179
\belowbottomsep=\dimen180
\aboverulesep=\dimen181
\abovetopsep=\dimen182
\cmidrulesep=\dimen183
\cmidrulekern=\dimen184
\defaultaddspace=\dimen185
\@cmidla=\count321
\@cmidlb=\count322
\@aboverulesep=\dimen186
\@belowrulesep=\dimen187
\@thisruleclass=\count323
\@lastruleclass=\count324
\@thisrulewidth=\dimen188
) (c:/Users/benja/AppData/Roaming/TinyTeX/texmf-dist/tex/latex/geometry/geometry.sty
Package: geometry 2020/01/02 v5.9 Page Geometry
(c:/Users/benja/AppData/Roaming/TinyTeX/texmf-dist/tex/generic/iftex/ifvtex.sty
Package: ifvtex 2019/10/25 v1.7 ifvtex legacy package. Use iftex instead.
)
\Gm@cnth=\count325
\Gm@cntv=\count326
\c@Gm@tempcnt=\count327
\Gm@bindingoffset=\dimen189
\Gm@wd@mp=\dimen190
\Gm@odd@mp=\dimen191
\Gm@even@mp=\dimen192
\Gm@layoutwidth=\dimen193
\Gm@layoutheight=\dimen194
\Gm@layouthoffset=\dimen195
\Gm@layoutvoffset=\dimen196
\Gm@dimlist=\toks29
) (c:/Users/benja/AppData/Roaming/TinyTeX/texmf-dist/tex/latex/titlesec/titlesec.sty
Package: titlesec 2025/01/04 v2.17 Sectioning titles
\ttl@box=\box57
\beforetitleunit=\skip77
\aftertitleunit=\skip78
\ttl@plus=\dimen197
\ttl@minus=\dimen198
\ttl@toksa=\toks30
\titlewidth=\dimen199
\titlewidthlast=\dimen256
\titlewidthfirst=\dimen257
)
Package hyperref Info: Option `colorlinks' set `true' on input line 132.
)
\cslhangindent=\skip79
\csllabelwidth=\skip80
LaTeX Info: Redefining \oldstylenums on input line 56.
LaTeX Font Info:    Trying to load font information for T1+XCharter-TLF on input line 56.
(c:/Users/benja/AppData/Roaming/TinyTeX/texmf-dist/tex/latex/xcharter/T1XCharter-TLF.fd
File: T1XCharter-TLF.fd 2017/06/25 (autoinst) Font definitions for T1/XCharter-TLF.
)
LaTeX Font Info:    Font shape `T1/XCharter-TLF/m/n' will be
(Font)              scaled to size 10.0pt on input line 56.
(c:/Users/benja/AppData/Roaming/TinyTeX/texmf-dist/tex/latex/l3backend/l3backend-pdftex.def
File: l3backend-pdftex.def 2025-06-09 L3 backend support: PDF output (pdfTeX)
\l__color_backend_stack_int=\count328
) (./deerConnectivityManuscript.aux)
\openout1 = `deerConnectivityManuscript.aux'.

LaTeX Font Info:    Checking defaults for OML/cmm/m/it on input line 56.
LaTeX Font Info:    ... okay on input line 56.
LaTeX Font Info:    Checking defaults for OMS/cmsy/m/n on input line 56.
LaTeX Font Info:    ... okay on input line 56.
LaTeX Font Info:    Checking defaults for OT1/cmr/m/n on input line 56.
LaTeX Font Info:    ... okay on input line 56.
LaTeX Font Info:    Checking defaults for T1/cmr/m/n on input line 56.
LaTeX Font Info:    ... okay on input line 56.
LaTeX Font Info:    Checking defaults for TS1/cmr/m/n on input line 56.
LaTeX Font Info:    ... okay on input line 56.
LaTeX Font Info:    Checking defaults for OMX/cmex/m/n on input line 56.
LaTeX Font Info:    ... okay on input line 56.
LaTeX Font Info:    Checking defaults for U/cmr/m/n on input line 56.
LaTeX Font Info:    ... okay on input line 56.
LaTeX Font Info:    Checking defaults for PD1/pdf/m/n on input line 56.
LaTeX Font Info:    ... okay on input line 56.
LaTeX Font Info:    Checking defaults for PU/pdf/m/n on input line 56.
LaTeX Font Info:    ... okay on input line 56.
\c@mv@tabular=\count329
\c@mv@boldtabular=\count330
(c:/Users/benja/AppData/Roaming/TinyTeX/texmf-dist/tex/latex/epstopdf-pkg/epstopdf-base.sty
Package: epstopdf-base 2020-01-24 v2.11 Base part for package epstopdf
Package epstopdf-base Info: Redefining graphics rule for `.eps' on input line 485.
(c:/Users/benja/AppData/Roaming/TinyTeX/texmf-dist/tex/latex/latexconfig/epstopdf-sys.cfg
File: epstopdf-sys.cfg 2010/07/13 v1.3 Configuration of (r)epstopdf for TeX Live
))
Package caption Info: Begin \AtBeginDocument code.
Package caption Info: hyperref package is loaded.
Package caption Info: End \AtBeginDocument code.
Package hyperref Info: Link coloring ON on input line 56.
(./deerConnectivityManuscript.out) (./deerConnectivityManuscript.out)
\@outlinefile=\write3
\openout3 = `deerConnectivityManuscript.out'.

*geometry* driver: auto-detecting
*geometry* detected driver: pdftex
*geometry* verbose mode - [ preamble ] result:
* driver: pdftex
* paper: a4paper
* layout: <same size as paper>
* layoutoffset:(h,v)=(0.0pt,0.0pt)
* modes: 
* h-part:(L,W,R)=(51.21504pt, 495.07779pt, 51.21504pt)
* v-part:(T,H,B)=(62.59596pt, 719.85492pt, 62.59596pt)
* \paperwidth=597.50787pt
* \paperheight=845.04684pt
* \textwidth=495.07779pt
* \textheight=719.85492pt
* \oddsidemargin=-21.05495pt
* \evensidemargin=-21.05495pt
* \topmargin=-46.67403pt
* \headheight=16.5pt
* \headsep=25.0pt
* \topskip=10.0pt
* \footskip=30.0pt
* \marginparwidth=57.0pt
* \marginparsep=11.0pt
* \columnsep=18.06749pt
* \skip\footins=9.0pt plus 4.0pt minus 2.0pt
* \hoffset=0.0pt
* \voffset=0.0pt
* \mag=1000
* \@twocolumnfalse
* \@twosidefalse
* \@mparswitchfalse
* \@reversemarginfalse
* (1in=72.27pt=25.4mm, 1cm=28.453pt)

LaTeX Font Info:    Trying to load font information for OT1+phv on input line 80.
(c:/Users/benja/AppData/Roaming/TinyTeX/texmf-dist/tex/latex/psnfss/ot1phv.fd
File: ot1phv.fd 2020/03/25 scalable font definitions for OT1/phv.
)
LaTeX Font Info:    Calculating math sizes for size <14> on input line 80.
LaTeX Font Info:    Font shape `T1/XCharter-TLF/m/n' will be
(Font)              scaled to size 9.79996pt on input line 80.
LaTeX Font Info:    Font shape `T1/XCharter-TLF/m/n' will be
(Font)              scaled to size 7.0pt on input line 80.
LaTeX Font Info:    Font shape `T1/XCharter-TLF/m/n' will be
(Font)              scaled to size 12.0pt on input line 88.


LaTeX Font Info:    Font shape `T1/XCharter-TLF/m/sc' will be
(Font)              scaled to size 10.0pt on input line 92.
<PDFheaderImage.png, id=52, 835.12pt x 124.465pt>
File: PDFheaderImage.png Graphic file (type png)
<use PDFheaderImage.png>
Package pdftex.def Info: PDFheaderImage.png  used on input line 92.
(pdftex.def)             Requested size: 80.50957pt x 12.0pt.
LaTeX Font Info:    Font shape `T1/XCharter-TLF/m/n' will be
(Font)              scaled to size 8.0pt on input line 92.
[1{c:/Users/benja/AppData/Roaming/TinyTeX/texmf-var/fonts/map/pdftex/updmap/pdftex.map}{c:/Users/benja/AppData/Roaming/TinyTeX/texmf-dist/fonts/enc/dvips/xcharter/xch_rydp4l.enc}

{c:/Users/benja/AppData/Roaming/TinyTeX/texmf-dist/fonts/enc/dvips/base/8r.enc} <./PDFheaderImage.png>]

LaTeX Font Warning: Font shape `OT1/phv/n/n' undefined
(Font)              using `OT1/phv/m/n' instead on input line 97.

LaTeX Font Info:    Font shape `T1/XCharter-TLF/m/it' will be
(Font)              scaled to size 10.0pt on input line 105.


File: PDFheaderImage.png Graphic file (type png)
<use PDFheaderImage.png>
Package pdftex.def Info: PDFheaderImage.png  used on input line 144.
(pdftex.def)             Requested size: 80.50957pt x 12.0pt.
[2

]
<../../figures/resistanceConductanceMap_Pois_Aberdeenshire.pdf, id=97, 625.33624pt x 511.9125pt>
File: ../../figures/resistanceConductanceMap_Pois_Aberdeenshire.pdf Graphic file (type pdf)
<use ../../figures/resistanceConductanceMap_Pois_Aberdeenshire.pdf>
Package pdftex.def Info: ../../figures/resistanceConductanceMap_Pois_Aberdeenshire.pdf  used on input line 146.
(pdftex.def)             Requested size: 371.30833pt x 303.97073pt.
LaTeX Font Info:    Font shape `T1/XCharter-TLF/b/n' will be
(Font)              scaled to size 10.0pt on input line 146.


File: PDFheaderImage.png Graphic file (type png)
<use PDFheaderImage.png>
Package pdftex.def Info: PDFheaderImage.png  used on input line 167.
(pdftex.def)             Requested size: 80.50957pt x 12.0pt.
[3 <../../figures/resistanceConductanceMap_Pois_Aberdeenshire.pdf>]
<../../figures/thetaMaps_Pois.pdf, id=113, 853.1875pt x 284.06125pt>
File: ../../figures/thetaMaps_Pois.pdf Graphic file (type pdf)
<use ../../figures/thetaMaps_Pois.pdf>
Package pdftex.def Info: ../../figures/thetaMaps_Pois.pdf  used on input line 172.
(pdftex.def)             Requested size: 495.07779pt x 164.83363pt.


File: PDFheaderImage.png Graphic file (type png)
<use PDFheaderImage.png>
Package pdftex.def Info: PDFheaderImage.png  used on input line 198.
(pdftex.def)             Requested size: 80.50957pt x 12.0pt.
[4 <../../figures/thetaMaps_Pois.pdf>]
<../../figures/patchConnectivity_Pois_Aberdeenshire.pdf, id=154, 625.33624pt x 511.9125pt>
File: ../../figures/patchConnectivity_Pois_Aberdeenshire.pdf Graphic file (type pdf)
<use ../../figures/patchConnectivity_Pois_Aberdeenshire.pdf>
Package pdftex.def Info: ../../figures/patchConnectivity_Pois_Aberdeenshire.pdf  used on input line 207.
(pdftex.def)             Requested size: 495.07779pt x 405.28911pt.
<../../figures/fallow_NA_omniscapeOutputs_plot.png, id=156, 455.0601pt x 853.5087pt>
File: ../../figures/fallow_NA_omniscapeOutputs_plot.png Graphic file (type png)
<use ../../figures/fallow_NA_omniscapeOutputs_plot.png>
Package pdftex.def Info: ../../figures/fallow_NA_omniscapeOutputs_plot.png  used on input line 213.
(pdftex.def)             Requested size: 371.30833pt x 696.4565pt.

LaTeX Warning: Float too large for page by 10.60158pt on input line 214.


LaTeX Warning: `h' float specifier changed to `ht'.

<../../figures/rodent_wessex_omniscapeOutputs_plot.png, id=158, 455.0601pt x 853.5087pt>
File: ../../figures/rodent_wessex_omniscapeOutputs_plot.png Graphic file (type png)
<use ../../figures/rodent_wessex_omniscapeOutputs_plot.png>
Package pdftex.def Info: ../../figures/rodent_wessex_omniscapeOutputs_plot.png  used on input line 219.
(pdftex.def)             Requested size: 371.30833pt x 696.4565pt.

LaTeX Warning: `h' float specifier changed to `ht'.

<../../figures/rodent_aberdeen_omniscapeOutputs_plot.png, id=160, 455.0601pt x 853.5087pt>
File: ../../figures/rodent_aberdeen_omniscapeOutputs_plot.png Graphic file (type png)
<use ../../figures/rodent_aberdeen_omniscapeOutputs_plot.png>
Package pdftex.def Info: ../../figures/rodent_aberdeen_omniscapeOutputs_plot.png  used on input line 225.
(pdftex.def)             Requested size: 371.30833pt x 696.4565pt.

LaTeX Warning: `h' float specifier changed to `ht'.

<../../figures/densityOfConnectivity_Aberdeen.pdf, id=164, 653.44125pt x 597.23125pt>
File: ../../figures/densityOfConnectivity_Aberdeen.pdf Graphic file (type pdf)
<use ../../figures/densityOfConnectivity_Aberdeen.pdf>
Package pdftex.def Info: ../../figures/densityOfConnectivity_Aberdeen.pdf  used on input line 235.
(pdftex.def)             Requested size: 495.07779pt x 452.48795pt.

LaTeX Warning: `h' float specifier changed to `ht'.

<../../figures/densityOfConnectivity_Wessex.pdf, id=165, 653.44125pt x 341.275pt>
File: ../../figures/densityOfConnectivity_Wessex.pdf Graphic file (type pdf)
<use ../../figures/densityOfConnectivity_Wessex.pdf>
Package pdftex.def Info: ../../figures/densityOfConnectivity_Wessex.pdf  used on input line 239.
(pdftex.def)             Requested size: 495.07779pt x 258.56453pt.

LaTeX Warning: `h' float specifier changed to `ht'.

<../../figures/funcStrucConnectPlot.pdf, id=166, 682.55pt x 540.0175pt>
File: ../../figures/funcStrucConnectPlot.pdf Graphic file (type pdf)
<use ../../figures/funcStrucConnectPlot.pdf>
Package pdftex.def Info: ../../figures/funcStrucConnectPlot.pdf  used on input line 243.
(pdftex.def)             Requested size: 495.07779pt x 391.69629pt.

LaTeX Warning: `h' float specifier changed to `ht'.



File: PDFheaderImage.png Graphic file (type png)
<use PDFheaderImage.png>
Package pdftex.def Info: PDFheaderImage.png  used on input line 246.
(pdftex.def)             Requested size: 80.50957pt x 12.0pt.
[5

 <../../figures/patchConnectivity_Pois_Aberdeenshire.pdf>]

File: PDFheaderImage.png Graphic file (type png)
<use PDFheaderImage.png>
Package pdftex.def Info: PDFheaderImage.png  used on input line 246.
(pdftex.def)             Requested size: 80.50957pt x 12.0pt.
[6 <../../figures/fallow_NA_omniscapeOutputs_plot.png>]

File: PDFheaderImage.png Graphic file (type png)
<use PDFheaderImage.png>
Package pdftex.def Info: PDFheaderImage.png  used on input line 246.
(pdftex.def)             Requested size: 80.50957pt x 12.0pt.
[7 <../../figures/rodent_wessex_omniscapeOutputs_plot.png>]

File: PDFheaderImage.png Graphic file (type png)
<use PDFheaderImage.png>
Package pdftex.def Info: PDFheaderImage.png  used on input line 246.
(pdftex.def)             Requested size: 80.50957pt x 12.0pt.
[8 <../../figures/rodent_aberdeen_omniscapeOutputs_plot.png>]

File: PDFheaderImage.png Graphic file (type png)
<use PDFheaderImage.png>
Package pdftex.def Info: PDFheaderImage.png  used on input line 246.
(pdftex.def)             Requested size: 80.50957pt x 12.0pt.
[9 <../../figures/densityOfConnectivity_Aberdeen.pdf>]

File: PDFheaderImage.png Graphic file (type png)
<use PDFheaderImage.png>
Package pdftex.def Info: PDFheaderImage.png  used on input line 246.
(pdftex.def)             Requested size: 80.50957pt x 12.0pt.
[10 <../../figures/densityOfConnectivity_Wessex.pdf>]

File: PDFheaderImage.png Graphic file (type png)
<use PDFheaderImage.png>
Package pdftex.def Info: PDFheaderImage.png  used on input line 246.
(pdftex.def)             Requested size: 80.50957pt x 12.0pt.
[11 <../../figures/funcStrucConnectPlot.pdf>]
<../../figures/fallow_occurrenceData_plot.png, id=286, 853.5087pt x 682.7106pt>
File: ../../figures/fallow_occurrenceData_plot.png Graphic file (type png)
<use ../../figures/fallow_occurrenceData_plot.png>
Package pdftex.def Info: ../../figures/fallow_occurrenceData_plot.png  used on input line 261.
(pdftex.def)             Requested size: 495.07779pt x 396.00368pt.

LaTeX Warning: `h' float specifier changed to `ht'.

<../../figures/rodent_occurrenceData_plot.png, id=287, 853.5087pt x 682.7106pt>
File: ../../figures/rodent_occurrenceData_plot.png Graphic file (type png)
<use ../../figures/rodent_occurrenceData_plot.png>
Package pdftex.def Info: ../../figures/rodent_occurrenceData_plot.png  used on input line 265.
(pdftex.def)             Requested size: 495.07779pt x 396.00368pt.

LaTeX Warning: `h' float specifier changed to `ht'.

<../../figures/fallow_responseDistanceEnsemble.png, id=288, 569.0058pt x 341.3553pt>
File: ../../figures/fallow_responseDistanceEnsemble.png Graphic file (type png)
<use ../../figures/fallow_responseDistanceEnsemble.png>
Package pdftex.def Info: ../../figures/fallow_responseDistanceEnsemble.png  used on input line 269.
(pdftex.def)             Requested size: 495.07779pt x 297.00273pt.

LaTeX Warning: `h' float specifier changed to `ht'.

<../../figures/rodent_responseDistanceEnsemble.png, id=289, 569.0058pt x 341.3553pt>
File: ../../figures/rodent_responseDistanceEnsemble.png Graphic file (type png)
<use ../../figures/rodent_responseDistanceEnsemble.png>
Package pdftex.def Info: ../../figures/rodent_responseDistanceEnsemble.png  used on input line 273.
(pdftex.def)             Requested size: 495.07779pt x 297.00273pt.

LaTeX Warning: `h' float specifier changed to `ht'.

<../../figures/fallow_responseBinaryEnsemble.png, id=290, 682.7106pt x 341.3553pt>
File: ../../figures/fallow_responseBinaryEnsemble.png Graphic file (type png)
<use ../../figures/fallow_responseBinaryEnsemble.png>
Package pdftex.def Info: ../../figures/fallow_responseBinaryEnsemble.png  used on input line 277.
(pdftex.def)             Requested size: 495.07779pt x 247.54655pt.

LaTeX Warning: `h' float specifier changed to `ht'.

<../../figures/rodent_responseBinaryEnsemble.png, id=291, 682.7106pt x 341.3553pt>
File: ../../figures/rodent_responseBinaryEnsemble.png Graphic file (type png)
<use ../../figures/rodent_responseBinaryEnsemble.png>
Package pdftex.def Info: ../../figures/rodent_responseBinaryEnsemble.png  used on input line 281.
(pdftex.def)             Requested size: 495.07779pt x 247.54655pt.

LaTeX Warning: `h' float specifier changed to `ht'.

<../../figures/fallow_varImportanceEnsemble.png, id=292, 569.0058pt x 341.3553pt>
File: ../../figures/fallow_varImportanceEnsemble.png Graphic file (type png)
<use ../../figures/fallow_varImportanceEnsemble.png>
Package pdftex.def Info: ../../figures/fallow_varImportanceEnsemble.png  used on input line 285.
(pdftex.def)             Requested size: 495.07779pt x 297.00273pt.

LaTeX Warning: `h' float specifier changed to `ht'.

<../../figures/rodent_varImportanceEnsemble.png, id=293, 569.0058pt x 341.3553pt>
File: ../../figures/rodent_varImportanceEnsemble.png Graphic file (type png)
<use ../../figures/rodent_varImportanceEnsemble.png>
Package pdftex.def Info: ../../figures/rodent_varImportanceEnsemble.png  used on input line 289.
(pdftex.def)             Requested size: 495.07779pt x 297.00273pt.

LaTeX Warning: `h' float specifier changed to `ht'.



File: PDFheaderImage.png Graphic file (type png)
<use PDFheaderImage.png>
Package pdftex.def Info: PDFheaderImage.png  used on input line 292.
(pdftex.def)             Requested size: 80.50957pt x 12.0pt.
[12

]

File: PDFheaderImage.png Graphic file (type png)
<use PDFheaderImage.png>
Package pdftex.def Info: PDFheaderImage.png  used on input line 292.
(pdftex.def)             Requested size: 80.50957pt x 12.0pt.
[13 <../../figures/fallow_occurrenceData_plot.png>]

File: PDFheaderImage.png Graphic file (type png)
<use PDFheaderImage.png>
Package pdftex.def Info: PDFheaderImage.png  used on input line 292.
(pdftex.def)             Requested size: 80.50957pt x 12.0pt.
[14 <../../figures/rodent_occurrenceData_plot.png>]

File: PDFheaderImage.png Graphic file (type png)
<use PDFheaderImage.png>
Package pdftex.def Info: PDFheaderImage.png  used on input line 292.
(pdftex.def)             Requested size: 80.50957pt x 12.0pt.
[15 <../../figures/fallow_responseDistanceEnsemble.png> <../../figures/rodent_responseDistanceEnsemble.png>]

File: PDFheaderImage.png Graphic file (type png)
<use PDFheaderImage.png>
Package pdftex.def Info: PDFheaderImage.png  used on input line 292.
(pdftex.def)             Requested size: 80.50957pt x 12.0pt.
[16 <../../figures/fallow_responseBinaryEnsemble.png> <../../figures/rodent_responseBinaryEnsemble.png>]

File: PDFheaderImage.png Graphic file (type png)
<use PDFheaderImage.png>
Package pdftex.def Info: PDFheaderImage.png  used on input line 292.
(pdftex.def)             Requested size: 80.50957pt x 12.0pt.
[17 <../../figures/fallow_varImportanceEnsemble.png> <../../figures/rodent_varImportanceEnsemble.png>]
Overfull \hbox (1.99208pt too wide) in paragraph at lines 309--310
\T1/XCharter-TLF/m/n/10 the true skill statis-tic (TSS). \T1/XCharter-TLF/m/it/10 Jour-nal of Ap-plied Ecol-ogy \T1/XCharter-TLF/m/n/10 43:1223--1232. DOI: [][]10.1111/j.1365-2664.2006.01214.x[][]. 
 []


Overfull \hbox (9.57588pt too wide) in paragraph at lines 312--313
\T1/XCharter-TLF/m/n/10 elling to Sup-port Con-ser-va-tion De-ci-sions. \T1/XCharter-TLF/m/it/10 Pro-ceed-ings of the Ju-li-a-Con Con-fer-ences \T1/XCharter-TLF/m/n/10 1:58. DOI: [][]10.21105/jcon.00058[][]. 
 []


Overfull \hbox (60.22241pt too wide) in paragraph at lines 357--358
\T1/XCharter-TLF/m/n/10 cuitscape in Ju-lia: Em-pow-er-ing Dy-namic Ap-proaches to Con-nec-tiv-ity As-sess-ment. \T1/XCharter-TLF/m/it/10 Land \T1/XCharter-TLF/m/n/10 10:301. DOI: [][]10.3390/land10030301[][]. 
 []


Overfull \hbox (2.25888pt too wide) in paragraph at lines 399--400
\T1/XCharter-TLF/m/n/10 com-par-i-son and test-ing of sta-tis-ti-cal mod-els. \T1/XCharter-TLF/m/it/10 Jour-nal of Open Source Soft-ware \T1/XCharter-TLF/m/n/10 6:3139. DOI: [][]10.21105/joss.03139[][]. 
 []



File: PDFheaderImage.png Graphic file (type png)
<use PDFheaderImage.png>
Package pdftex.def Info: PDFheaderImage.png  used on input line 409.
(pdftex.def)             Requested size: 80.50957pt x 12.0pt.
[18

]
Overfull \hbox (38.13376pt too wide) in paragraph at lines 423--424
\T1/XCharter-TLF/m/n/10 age for con-duct-ing spa-tially in-de-pen-dent eval-u-a-tions and es-ti-mat-ing op-ti-mal model com-plex-ity for <scp>Maxent</scp>
 []


Overfull \hbox (57.76714pt too wide) in paragraph at lines 435--436
[]\T1/XCharter-TLF/m/n/10 Pebesma E, Bi-vand R. 2023. \T1/XCharter-TLF/m/it/10 Spa-tial Data Sci-ence: With ap-pli-ca-tions in R\T1/XCharter-TLF/m/n/10 . Chap-man and Hall/CRC. DOI: [][]10.1201/9780429459016[][]. 
 []



File: PDFheaderImage.png Graphic file (type png)
<use PDFheaderImage.png>
Package pdftex.def Info: PDFheaderImage.png  used on input line 509.
(pdftex.def)             Requested size: 80.50957pt x 12.0pt.
[19]

File: PDFheaderImage.png Graphic file (type png)
<use PDFheaderImage.png>
Package pdftex.def Info: PDFheaderImage.png  used on input line 511.
(pdftex.def)             Requested size: 80.50957pt x 12.0pt.
[20] 
enddocument/afterlastpage (AED): lastpage setting LastPage.
(./deerConnectivityManuscript.aux)
 ***********
LaTeX2e <2025-06-01> patch level 1
L3 programming layer <2025-07-11>
 ***********

LaTeX Font Warning: Some font shapes were not available, defaults substituted.

Package rerunfilecheck Info: File `deerConnectivityManuscript.out' has not changed.
(rerunfilecheck)             Checksum: FA7E23C5CB2BCEE8E4C28CCA1792B222;1968.
 ) 
Here is how much of TeX's memory you used:
 14201 strings out of 469797
 238281 string characters out of 5480962
 667196 words of memory out of 5000000
 42231 multiletter control sequences out of 15000+600000
 692763 words of font info for 76 fonts, out of 8000000 for 9000
 14 hyphenation exceptions out of 8191
 90i,15n,131p,3387b,559s stack positions out of 10000i,1000n,20000p,200000b,200000s
 <c:/Users/benja/AppData/Roaming/TinyTeX/texmf-var/fonts/pk/ljfour/jknappen/ec/ecit1000.600pk><c:/Users/benja/AppData/Roaming/TinyTeX/texmf-dist/fonts/type1/public/xcharter/XCharter-Bold.pfb><c:/Users/benja/AppData/Roaming/TinyTeX/texmf-dist/fonts/type1/public/xcharter/XCharter-Italic.pfb><c:/Users/benja/AppData/Roaming/TinyTeX/texmf-dist/fonts/type1/public/xcharter/XCharter-Roman.pfb><c:/Users/benja/AppData/Roaming/TinyTeX/texmf-dist/fonts/type1/public/amsfonts/cm/cmr10.pfb><c:/Users/benja/AppData/Roaming/TinyTeX/texmf-dist/fonts/type1/public/amsfonts/cm/cmr7.pfb><c:/Users/benja/AppData/Roaming/TinyTeX/texmf-dist/fonts/type1/public/amsfonts/cm/cmsy7.pfb><c:/Users/benja/AppData/Roaming/TinyTeX/texmf-dist/fonts/type1/urw/helvetic/uhvb8a.pfb><c:/Users/benja/AppData/Roaming/TinyTeX/texmf-dist/fonts/type1/urw/helvetic/uhvr8a.pfb>
Output written on deerConnectivityManuscript.pdf (20 pages, 11738677 bytes).
PDF statistics:
 538 PDF objects out of 1000 (max. 8388607)
 456 compressed objects within 5 object streams
 120 named destinations out of 1000 (max. 500000)
 187 words of extra memory for PDF output out of 10000 (max. 10000000)

